<?xml version="1.0" encoding="UTF-8"?>
<!-- Generated by org.testng.reporters.JUnitXMLReporter -->
<testsuite hostname="LIN51007546" ignored="4" name="Regression Test" tests="3" failures="0" timestamp="18 Oct 2020 03:45:13 GMT" time="24.256" errors="0">
  <testcase name="@BeforeClass isSkip" time="0.001" classname="com.companyName.ProjectName.TestCases.Login_Test2">
    <skipped/>
  </testcase> <!-- @BeforeClass isSkip -->
  <testcase name="@BeforeMethod LaunchBrowser" time="0.0" classname="com.companyName.ProjectName.TestBase.TestBase">
    <skipped/>
  </testcase> <!-- @BeforeMethod LaunchBrowser -->
  <testcase name="@BeforeClass isSkip" time="0.0" classname="com.companyName.ProjectName.TestCases.Login_Test3">
    <skipped/>
  </testcase> <!-- @BeforeClass isSkip -->
  <testcase name="@BeforeMethod LaunchBrowser" time="0.0" classname="com.companyName.ProjectName.TestBase.TestBase">
    <skipped/>
  </testcase> <!-- @BeforeMethod LaunchBrowser -->
  <testcase name="login_Test" time="9.944" classname="com.companyName.ProjectName.TestCases.Login_Test"/>
  <testcase name="login_Test2" time="0.001" classname="com.companyName.ProjectName.TestCases.Login_Test2">
    <skipped/>
  </testcase> <!-- login_Test2 -->
  <testcase name="login_Test3" time="0.0" classname="com.companyName.ProjectName.TestCases.Login_Test3">
    <skipped/>
  </testcase> <!-- login_Test3 -->
  <testcase name="@BeforeSuite init" time="0.0" classname="com.companyName.ProjectName.TestBase.TestBase">
    <ignored/>
  </testcase> <!-- @BeforeSuite init -->
  <testcase name="@BeforeSuite init" time="0.0" classname="com.companyName.ProjectName.TestBase.TestBase">
    <ignored/>
  </testcase> <!-- @BeforeSuite init -->
  <testcase name="@AfterSuite flushExtentReport" time="0.0" classname="com.companyName.ProjectName.TestBase.TestBase">
    <ignored/>
  </testcase> <!-- @AfterSuite flushExtentReport -->
  <testcase name="@AfterSuite flushExtentReport" time="0.0" classname="com.companyName.ProjectName.TestBase.TestBase">
    <ignored/>
  </testcase> <!-- @AfterSuite flushExtentReport -->
</testsuite> <!-- Regression Test -->
