<?xml version="1.0" encoding="UTF-8"?>
<testsuite name="TestSuite" time="36.615" tests="3" errors="0" skipped="0" failures="1">
  <properties>
[...]
</properties>
  <testcase name="creatAnAccountNewCustomer" classname="com.companyName.ProjectName.TestCases.TC01_CreatAnAccountNewCustomer" time="25.685">
    <failure message="Issue while selecting value from dropdown:-Cannot locate option with value: May&#10;For documentation on this error, please visit: http://seleniumhq.org/exceptions/no_such_element.html&#10;Build info: version: &apos;3.141.5&apos;, revision: &apos;d54ebd709a&apos;, time: &apos;2018-11-06T11:42:16&apos;&#10;System info: host: &apos;LIN51007546&apos;, ip: &apos;192.168.56.1&apos;, os.name: &apos;Windows 10&apos;, os.arch: &apos;x86&apos;, os.version: &apos;10.0&apos;, java.version: &apos;1.8.0_161&apos;&#10;Driver info: driver.version: unknown" type="java.lang.AssertionError">java.lang.AssertionError: Issue while selecting value from dropdown:-Cannot locate option with value: May
For documentation on this error, please visit: http://seleniumhq.org/exceptions/no_such_element.html
Build info: version: '3.141.5', revision: 'd54ebd709a', time: '2018-11-06T11:42:16'
System info: host: 'LIN51007546', ip: '192.168.56.1', os.name: 'Windows 10', os.arch: 'x86', os.version: '10.0', java.version: '1.8.0_161'
Driver info: driver.version: unknown
	at org.testng.Assert.fail(Assert.java:96)
	at com.companyName.ProjectName.utilities.CommonMethods.selectByValue(CommonMethods.java:96)
	at com.companyName.ProjectName.pages.PersonalInfomation.enterPersonalInformation(PersonalInfomation.java:26)
	at com.companyName.ProjectName.TestCases.TC01_CreatAnAccountNewCustomer.creatAnAccountNewCustomer(TC01_CreatAnAccountNewCustomer.java:27)
</failure>
    <system-out><![CDATA[[TestNGContentHandler] [WARN] It is strongly recommended to add "<!DOCTYPE suite SYSTEM "http://testng.org/testng-1.0.dtd" >" at the top of your file, otherwise TestNG may fail or not work as expected.
Config file has been loaded
OR file has been loaded
ExtentReports path has been set has been loaded
Number of rows:-6
{TC03_CreateNewAndVerifyExistingUser=Y, TC001_Create_an_Account5=N, TC001_Create_an_Account4=N, TC02_VerfityAlreadyRegisterUser=Y, TC01_CreatAnAccountNewCustomer=Y}
TC01_CreatAnAccountNewCustomer test case starts from row number :- 1
Total number of columns are:- 11
Total number of iterations/rows are :- 1
***************************************************

----{Year=1990, Contact_No=23131324, Month=May, Name=Ruchita, Address=Pune, Email_ID=loginTest12346@test.com, Password=dadad@dad21, LastName=XYZ, Day=5, FirstName=Ruchita, Page_Title=My Store}
]]></system-out>
    <system-err><![CDATA[Starting ChromeDriver 72.0.3626.69 (3c16f8a135abc0d4da2dff33804db79b849a7c38) on port 11894
Only local connections are allowed.
Please protect ports used by ChromeDriver and related test frameworks to prevent access by malicious code.
Dec 06, 2020 9:50:20 AM org.openqa.selenium.remote.ProtocolHandshake createSession
INFO: Detected dialect: OSS
log4j:WARN No appenders could be found for logger (freemarker.cache).
log4j:WARN Please initialize the log4j system properly.
]]></system-err>
  </testcase>
  <testcase name="verfityAlreadyRegisterUser" classname="com.companyName.ProjectName.TestCases.TC02_VerfityAlreadyRegisterUser" time="5.157"/>
  <testcase name="createNewAndVerifyExistingUser" classname="com.companyName.ProjectName.TestCases.TC03_CreateNewAndVerifyExistingUser" time="5.773"/>
</testsuite>