<?xml version="1.0" encoding="UTF-8"?>
<testng-results skipped="0" failed="1" ignored="2" total="5" passed="2">
  <reporter-output>
  </reporter-output>
  <suite name="Regression Testing" duration-ms="237803" started-at="2020-11-22T04:19:45Z" finished-at="2020-11-22T04:23:43Z">
    <groups>
    </groups>
    <test name="Regression Test" duration-ms="237803" started-at="2020-11-22T04:19:45Z" finished-at="2020-11-22T04:23:43Z">
      <class name="com.companyName.ProjectName.TestCases.TC02_VerfityAlreadyRegisterUser">
        <test-method status="PASS" signature="isSkip()[pri:0, instance:com.companyName.ProjectName.TestCases.TC02_VerfityAlreadyRegisterUser@28eaa59a]" name="isSkip" is-config="true" duration-ms="1" started-at="2020-11-22T09:53:12Z" finished-at="2020-11-22T09:53:12Z">
          <reporter-output>
          </reporter-output>
        </test-method> <!-- isSkip -->
        <test-method status="PASS" signature="verfityAlreadyRegisterUser(java.util.Hashtable)[pri:0, instance:com.companyName.ProjectName.TestCases.TC02_VerfityAlreadyRegisterUser@28eaa59a]" name="verfityAlreadyRegisterUser" duration-ms="14511" started-at="2020-11-22T09:53:12Z" data-provider="Data_Collections" finished-at="2020-11-22T09:53:27Z">
          <params>
            <param index="0">
              <value>
                <![CDATA[{Name=Swati, Page_Title=My Store, Contact_No=23131324, Email_ID=loginTest12345@test.com, Password=abcd123, Address=Noida}]]>
              </value>
            </param>
          </params>
          <reporter-output>
          </reporter-output>
        </test-method> <!-- verfityAlreadyRegisterUser -->
      </class> <!-- com.companyName.ProjectName.TestCases.TC02_VerfityAlreadyRegisterUser -->
      <class name="com.companyName.ProjectName.TestCases.TC01_CreatAnAccountNewCustomer">
        <test-method status="PASS" signature="init()[pri:0, instance:com.companyName.ProjectName.TestCases.TC01_CreatAnAccountNewCustomer@7ed7259e]" name="init" is-config="true" duration-ms="100" started-at="2020-11-22T09:49:45Z" finished-at="2020-11-22T09:49:45Z">
          <reporter-output>
          </reporter-output>
        </test-method> <!-- init -->
        <test-method status="PASS" signature="isSkip()[pri:0, instance:com.companyName.ProjectName.TestCases.TC01_CreatAnAccountNewCustomer@7ed7259e]" name="isSkip" is-config="true" duration-ms="1" started-at="2020-11-22T09:49:45Z" finished-at="2020-11-22T09:49:45Z">
          <reporter-output>
          </reporter-output>
        </test-method> <!-- isSkip -->
        <test-method status="FAIL" signature="creatAnAccountNewCustomer(java.util.Hashtable)[pri:0, instance:com.companyName.ProjectName.TestCases.TC01_CreatAnAccountNewCustomer@7ed7259e]" name="creatAnAccountNewCustomer" duration-ms="205833" started-at="2020-11-22T09:49:45Z" data-provider="Data_Collections" finished-at="2020-11-22T09:53:11Z">
          <params>
            <param index="0">
              <value>
                <![CDATA[{Year=1990, Contact_No=23131324, Month=May, Name=Ruchita, Address=Pune, Email_ID=loginTest12346@test.com, Password=dadad@dad21, LastName=XYZ, Day=5, FirstName=Ruchita, Page_Title=My Store}]]>
              </value>
            </param>
          </params>
          <exception class="org.openqa.selenium.NoSuchWindowException">
            <message>
              <![CDATA[no such window: target window already closed
from unknown error: web view not found
  (Session info: chrome=86.0.4240.111)
  (Driver info: chromedriver=72.0.3626.69 (3c16f8a135abc0d4da2dff33804db79b849a7c38),platform=Windows NT 10.0.17763 x86_64) (WARNING: The server did not provide any stacktrace information)
Command duration or timeout: 0 milliseconds
Build info: version: '3.141.5', revision: 'd54ebd709a', time: '2018-11-06T11:42:16'
System info: host: 'LIN51007546', ip: '192.168.56.1', os.name: 'Windows 10', os.arch: 'amd64', os.version: '10.0', java.version: '1.8.0_231'
Driver info: org.openqa.selenium.chrome.ChromeDriver
Capabilities {acceptInsecureCerts: false, acceptSslCerts: false, applicationCacheEnabled: false, browserConnectionEnabled: false, browserName: chrome, chrome: {chromedriverVersion: 72.0.3626.69 (3c16f8a135abc..., userDataDir: C:\Users\rganjare\AppData\L...}, cssSelectorsEnabled: true, databaseEnabled: false, goog:chromeOptions: {debuggerAddress: localhost:50955}, handlesAlerts: true, hasTouchScreen: false, javascriptEnabled: true, locationContextEnabled: true, mobileEmulationEnabled: false, nativeEvents: true, networkConnectionEnabled: false, pageLoadStrategy: normal, platform: XP, platformName: XP, proxy: Proxy(), rotatable: false, setWindowRect: true, takesHeapSnapshot: true, takesScreenshot: true, timeouts: {implicit: 0, pageLoad: 300000, script: 30000}, unexpectedAlertBehaviour: ignore, unhandledPromptBehavior: ignore, version: 86.0.4240.111, webStorageEnabled: true}
Session ID: b11bc6cb6058dc2e60c75855c4c0367b]]>
            </message>
            <full-stacktrace>
              <![CDATA[org.openqa.selenium.NoSuchWindowException: no such window: target window already closed
from unknown error: web view not found
  (Session info: chrome=86.0.4240.111)
  (Driver info: chromedriver=72.0.3626.69 (3c16f8a135abc0d4da2dff33804db79b849a7c38),platform=Windows NT 10.0.17763 x86_64) (WARNING: The server did not provide any stacktrace information)
Command duration or timeout: 0 milliseconds
Build info: version: '3.141.5', revision: 'd54ebd709a', time: '2018-11-06T11:42:16'
System info: host: 'LIN51007546', ip: '192.168.56.1', os.name: 'Windows 10', os.arch: 'amd64', os.version: '10.0', java.version: '1.8.0_231'
Driver info: org.openqa.selenium.chrome.ChromeDriver
Capabilities {acceptInsecureCerts: false, acceptSslCerts: false, applicationCacheEnabled: false, browserConnectionEnabled: false, browserName: chrome, chrome: {chromedriverVersion: 72.0.3626.69 (3c16f8a135abc..., userDataDir: C:\Users\rganjare\AppData\L...}, cssSelectorsEnabled: true, databaseEnabled: false, goog:chromeOptions: {debuggerAddress: localhost:50955}, handlesAlerts: true, hasTouchScreen: false, javascriptEnabled: true, locationContextEnabled: true, mobileEmulationEnabled: false, nativeEvents: true, networkConnectionEnabled: false, pageLoadStrategy: normal, platform: XP, platformName: XP, proxy: Proxy(), rotatable: false, setWindowRect: true, takesHeapSnapshot: true, takesScreenshot: true, timeouts: {implicit: 0, pageLoad: 300000, script: 30000}, unexpectedAlertBehaviour: ignore, unhandledPromptBehavior: ignore, version: 86.0.4240.111, webStorageEnabled: true}
Session ID: b11bc6cb6058dc2e60c75855c4c0367b
	at sun.reflect.NativeConstructorAccessorImpl.newInstance0(Native Method)
	at sun.reflect.NativeConstructorAccessorImpl.newInstance(NativeConstructorAccessorImpl.java:62)
	at sun.reflect.DelegatingConstructorAccessorImpl.newInstance(DelegatingConstructorAccessorImpl.java:45)
	at java.lang.reflect.Constructor.newInstance(Constructor.java:423)
	at org.openqa.selenium.remote.ErrorHandler.createThrowable(ErrorHandler.java:214)
	at org.openqa.selenium.remote.ErrorHandler.throwIfResponseFailed(ErrorHandler.java:166)
	at org.openqa.selenium.remote.http.JsonHttpResponseCodec.reconstructValue(JsonHttpResponseCodec.java:40)
	at org.openqa.selenium.remote.http.AbstractHttpResponseCodec.decode(AbstractHttpResponseCodec.java:80)
	at org.openqa.selenium.remote.http.AbstractHttpResponseCodec.decode(AbstractHttpResponseCodec.java:44)
	at org.openqa.selenium.remote.HttpCommandExecutor.execute(HttpCommandExecutor.java:158)
	at org.openqa.selenium.remote.service.DriverCommandExecutor.execute(DriverCommandExecutor.java:83)
	at org.openqa.selenium.remote.RemoteWebDriver.execute(RemoteWebDriver.java:552)
	at org.openqa.selenium.remote.RemoteWebDriver.execute(RemoteWebDriver.java:609)
	at org.openqa.selenium.remote.RemoteWebDriver.getTitle(RemoteWebDriver.java:281)
	at com.companyName.ProjectName.utilities.CommonMethods.getpageTitle(CommonMethods.java:40)
	at com.companyName.ProjectName.pages.HomePage.createAnAccountNewUsers(HomePage.java:14)
	at com.companyName.ProjectName.TestCases.TC01_CreatAnAccountNewCustomer.creatAnAccountNewCustomer(TC01_CreatAnAccountNewCustomer.java:25)
	at sun.reflect.NativeMethodAccessorImpl.invoke0(Native Method)
	at sun.reflect.NativeMethodAccessorImpl.invoke(NativeMethodAccessorImpl.java:62)
	at sun.reflect.DelegatingMethodAccessorImpl.invoke(DelegatingMethodAccessorImpl.java:43)
	at java.lang.reflect.Method.invoke(Method.java:498)
	at org.testng.internal.MethodInvocationHelper.invokeMethod(MethodInvocationHelper.java:108)
	at org.testng.internal.Invoker.invokeMethod(Invoker.java:661)
	at org.testng.internal.Invoker.invokeTestMethod(Invoker.java:869)
	at org.testng.internal.Invoker.invokeTestMethods(Invoker.java:1193)
	at org.testng.internal.TestMethodWorker.invokeTestMethods(TestMethodWorker.java:126)
	at org.testng.internal.TestMethodWorker.run(TestMethodWorker.java:109)
	at org.testng.TestRunner.privateRun(TestRunner.java:744)
	at org.testng.TestRunner.run(TestRunner.java:602)
	at org.testng.SuiteRunner.runTest(SuiteRunner.java:380)
	at org.testng.SuiteRunner.runSequentially(SuiteRunner.java:375)
	at org.testng.SuiteRunner.privateRun(SuiteRunner.java:340)
	at org.testng.SuiteRunner.run(SuiteRunner.java:289)
	at org.testng.SuiteRunnerWorker.runSuite(SuiteRunnerWorker.java:52)
	at org.testng.SuiteRunnerWorker.run(SuiteRunnerWorker.java:86)
	at org.testng.TestNG.runSuitesSequentially(TestNG.java:1301)
	at org.testng.TestNG.runSuitesLocally(TestNG.java:1226)
	at org.testng.TestNG.runSuites(TestNG.java:1144)
	at org.testng.TestNG.run(TestNG.java:1115)
	at org.testng.remote.AbstractRemoteTestNG.run(AbstractRemoteTestNG.java:132)
	at org.testng.remote.RemoteTestNG.initAndRun(RemoteTestNG.java:230)
	at org.testng.remote.RemoteTestNG.main(RemoteTestNG.java:76)
]]>
            </full-stacktrace>
          </exception> <!-- org.openqa.selenium.NoSuchWindowException -->
          <reporter-output>
          </reporter-output>
        </test-method> <!-- creatAnAccountNewCustomer -->
      </class> <!-- com.companyName.ProjectName.TestCases.TC01_CreatAnAccountNewCustomer -->
      <class name="com.companyName.ProjectName.TestCases.TC03_CreateNewAndVerifyExistingUser">
        <test-method status="PASS" signature="isSkip()[pri:0, instance:com.companyName.ProjectName.TestCases.TC03_CreateNewAndVerifyExistingUser@3427b02d]" name="isSkip" is-config="true" duration-ms="0" started-at="2020-11-22T09:53:28Z" finished-at="2020-11-22T09:53:28Z">
          <reporter-output>
          </reporter-output>
        </test-method> <!-- isSkip -->
        <test-method status="PASS" signature="createNewAndVerifyExistingUser(java.util.Hashtable)[pri:0, instance:com.companyName.ProjectName.TestCases.TC03_CreateNewAndVerifyExistingUser@3427b02d]" name="createNewAndVerifyExistingUser" duration-ms="14304" started-at="2020-11-22T09:53:28Z" data-provider="Data_Collections" finished-at="2020-11-22T09:53:42Z">
          <params>
            <param index="0">
              <value>
                <![CDATA[{Name=Vivek, Page_Title=My Store, Contact_No=23131324, Email_ID=loginTest12346@test.com, Address=Mumbai}]]>
              </value>
            </param>
          </params>
          <reporter-output>
          </reporter-output>
        </test-method> <!-- createNewAndVerifyExistingUser -->
      </class> <!-- com.companyName.ProjectName.TestCases.TC03_CreateNewAndVerifyExistingUser -->
    </test> <!-- Regression Test -->
  </suite> <!-- Regression Testing -->
</testng-results>
